This is pdfTeX, Version 3.1415926-2.5-1.40.14 (MiKTeX 2.9 64-bit) (preloaded format=pdflatex 2015.3.18)  22 FEB 2018 07:23
entering extended mode
**C:/Users/GADKARI/Documents/Python*Scripts/web_science/a3/Assignment_3.tex
("C:/Users/GADKARI/Documents/Python Scripts/web_science/a3/Assignment_3.tex"
LaTeX2e <2011/06/27>
Babel <v3.8m> and hyphenation patterns for english, afrikaans, ancientgreek, ar
abic, armenian, assamese, basque, bengali, bokmal, bulgarian, catalan, coptic, 
croatian, czech, danish, dutch, esperanto, estonian, farsi, finnish, french, ga
lician, german, german-x-2013-05-26, greek, gujarati, hindi, hungarian, iceland
ic, indonesian, interlingua, irish, italian, kannada, kurmanji, latin, latvian,
 lithuanian, malayalam, marathi, mongolian, mongolianlmc, monogreek, ngerman, n
german-x-2013-05-26, nynorsk, oriya, panjabi, pinyin, polish, portuguese, roman
ian, russian, sanskrit, serbian, slovak, slovenian, spanish, swedish, swissgerm
an, tamil, telugu, turkish, turkmen, ukenglish, ukrainian, uppersorbian, usengl
ishmax, welsh, loaded.
("C:\Program Files\MiKTeX 2.9\tex\latex\base\article.cls"
Document Class: article 2007/10/19 v1.4h Standard LaTeX document class
("C:\Program Files\MiKTeX 2.9\tex\latex\base\size11.clo"
File: size11.clo 2007/10/19 v1.4h Standard LaTeX file (size option)
)
\c@part=\count79
\c@section=\count80
\c@subsection=\count81
\c@subsubsection=\count82
\c@paragraph=\count83
\c@subparagraph=\count84
\c@figure=\count85
\c@table=\count86
\abovecaptionskip=\skip41
\belowcaptionskip=\skip42
\bibindent=\dimen102
)
("C:\Program Files\MiKTeX 2.9\tex\latex\graphics\graphicx.sty"
Package: graphicx 1999/02/16 v1.0f Enhanced LaTeX Graphics (DPC,SPQR)

("C:\Program Files\MiKTeX 2.9\tex\latex\graphics\keyval.sty"
Package: keyval 1999/03/16 v1.13 key=value parser (DPC)
\KV@toks@=\toks14
)
("C:\Program Files\MiKTeX 2.9\tex\latex\graphics\graphics.sty"
Package: graphics 2009/02/05 v1.0o Standard LaTeX Graphics (DPC,SPQR)

("C:\Program Files\MiKTeX 2.9\tex\latex\graphics\trig.sty"
Package: trig 1999/03/16 v1.09 sin cos tan (DPC)
)
("C:\Program Files\MiKTeX 2.9\tex\latex\00miktex\graphics.cfg"
File: graphics.cfg 2007/01/18 v1.5 graphics configuration of teTeX/TeXLive
)
Package graphics Info: Driver file: pdftex.def on input line 91.

("C:\Program Files\MiKTeX 2.9\tex\latex\pdftex-def\pdftex.def"
File: pdftex.def 2011/05/27 v0.06d Graphics/color for pdfTeX

("C:\Program Files\MiKTeX 2.9\tex\generic\oberdiek\infwarerr.sty"
Package: infwarerr 2010/04/08 v1.3 Providing info/warning/error messages (HO)
)
("C:\Program Files\MiKTeX 2.9\tex\generic\oberdiek\ltxcmds.sty"
Package: ltxcmds 2011/11/09 v1.22 LaTeX kernel commands for general use (HO)
)
\Gread@gobject=\count87
))
\Gin@req@height=\dimen103
\Gin@req@width=\dimen104
)
("C:\Program Files\MiKTeX 2.9\tex\latex\listings\listings.sty"
\lst@mode=\count88
\lst@gtempboxa=\box26
\lst@token=\toks15
\lst@length=\count89
\lst@currlwidth=\dimen105
\lst@column=\count90
\lst@pos=\count91
\lst@lostspace=\dimen106
\lst@width=\dimen107
\lst@newlines=\count92
\lst@lineno=\count93
\lst@maxwidth=\dimen108

("C:\Program Files\MiKTeX 2.9\tex\latex\listings\lstmisc.sty"
File: lstmisc.sty 2015/06/04 1.6 (Carsten Heinz)
\c@lstnumber=\count94
\lst@skipnumbers=\count95
\lst@framebox=\box27
)
("C:\Program Files\MiKTeX 2.9\tex\latex\listings\listings.cfg"
File: listings.cfg 2015/06/04 1.6 listings configuration
))
Package: listings 2015/06/04 1.6 (Carsten Heinz)

("C:\Program Files\MiKTeX 2.9\tex\generic\genmisc\nth.sty"
Package: nth 2002/02/27
)
("C:\Program Files\MiKTeX 2.9\tex\latex\ltxmisc\url.sty"
\Urlmuskip=\muskip10
Package: url 2006/04/12  ver 3.3  Verb mode for urls, etc.
)
("C:\Program Files\MiKTeX 2.9\tex\latex\hyperref\hyperref.sty"
Package: hyperref 2012/05/13 v6.82q Hypertext links for LaTeX

("C:\Program Files\MiKTeX 2.9\tex\generic\oberdiek\hobsub-hyperref.sty"
Package: hobsub-hyperref 2012/04/25 v1.12 Bundle oberdiek, subset hyperref (HO)


("C:\Program Files\MiKTeX 2.9\tex\generic\oberdiek\hobsub-generic.sty"
Package: hobsub-generic 2012/04/25 v1.12 Bundle oberdiek, subset generic (HO)
Package: hobsub 2012/04/25 v1.12 Construct package bundles (HO)
Package hobsub Info: Skipping package `infwarerr' (already loaded).
Package hobsub Info: Skipping package `ltxcmds' (already loaded).
Package: ifluatex 2010/03/01 v1.3 Provides the ifluatex switch (HO)
Package ifluatex Info: LuaTeX not detected.
Package: ifvtex 2010/03/01 v1.5 Detect VTeX and its facilities (HO)
Package ifvtex Info: VTeX not detected.
Package: intcalc 2007/09/27 v1.1 Expandable calculations with integers (HO)
Package: ifpdf 2011/01/30 v2.3 Provides the ifpdf switch (HO)
Package ifpdf Info: pdfTeX in PDF mode is detected.
Package: etexcmds 2011/02/16 v1.5 Avoid name clashes with e-TeX commands (HO)
Package etexcmds Info: Could not find \expanded.
(etexcmds)             That can mean that you are not using pdfTeX 1.50 or
(etexcmds)             that some package has redefined \expanded.
(etexcmds)             In the latter case, load this package earlier.
Package: kvsetkeys 2012/04/25 v1.16 Key value parser (HO)
Package: kvdefinekeys 2011/04/07 v1.3 Define keys (HO)
Package: pdftexcmds 2011/11/29 v0.20 Utility functions of pdfTeX for LuaTeX (HO
)
Package pdftexcmds Info: LuaTeX not detected.
Package pdftexcmds Info: \pdf@primitive is available.
Package pdftexcmds Info: \pdf@ifprimitive is available.
Package pdftexcmds Info: \pdfdraftmode found.
Package: pdfescape 2011/11/25 v1.13 Implements pdfTeX's escape features (HO)
Package: bigintcalc 2012/04/08 v1.3 Expandable calculations on big integers (HO
)
Package: bitset 2011/01/30 v1.1 Handle bit-vector datatype (HO)
Package: uniquecounter 2011/01/30 v1.2 Provide unlimited unique counter (HO)
)
Package hobsub Info: Skipping package `hobsub' (already loaded).
Package: letltxmacro 2010/09/02 v1.4 Let assignment for LaTeX macros (HO)
Package: hopatch 2011/06/24 v1.1 Wrapper for package hooks (HO)
Package: xcolor-patch 2011/01/30 xcolor patch
Package: atveryend 2011/06/30 v1.8 Hooks at the very end of document (HO)
Package atveryend Info: \enddocument detected (standard20110627).
Package: atbegshi 2011/10/05 v1.16 At begin shipout hook (HO)
Package: refcount 2011/10/16 v3.4 Data extraction from label references (HO)
Package: hycolor 2011/01/30 v1.7 Color options for hyperref/bookmark (HO)
)
("C:\Program Files\MiKTeX 2.9\tex\generic\ifxetex\ifxetex.sty"
Package: ifxetex 2010/09/12 v0.6 Provides ifxetex conditional
)
("C:\Program Files\MiKTeX 2.9\tex\latex\oberdiek\kvoptions.sty"
Package: kvoptions 2011/06/30 v3.11 Key value format for package options (HO)
)
\@linkdim=\dimen109
\Hy@linkcounter=\count96
\Hy@pagecounter=\count97

("C:\Program Files\MiKTeX 2.9\tex\latex\hyperref\pd1enc.def"
File: pd1enc.def 2012/05/13 v6.82q Hyperref: PDFDocEncoding definition (HO)
)
\Hy@SavedSpaceFactor=\count98

("C:\Program Files\MiKTeX 2.9\tex\latex\00miktex\hyperref.cfg"
File: hyperref.cfg 2002/06/06 v1.2 hyperref configuration of TeXLive
)
Package hyperref Info: Hyper figures OFF on input line 4062.
Package hyperref Info: Link nesting OFF on input line 4067.
Package hyperref Info: Hyper index ON on input line 4070.
Package hyperref Info: Plain pages OFF on input line 4077.
Package hyperref Info: Backreferencing OFF on input line 4082.
Package hyperref Info: Implicit mode ON; LaTeX internals redefined.
Package hyperref Info: Bookmarks ON on input line 4300.
\c@Hy@tempcnt=\count99
LaTeX Info: Redefining \url on input line 4653.
\Fld@menulength=\count100
\Field@Width=\dimen110
\Fld@charsize=\dimen111
Package hyperref Info: Hyper figures OFF on input line 5773.
Package hyperref Info: Link nesting OFF on input line 5778.
Package hyperref Info: Hyper index ON on input line 5781.
Package hyperref Info: backreferencing OFF on input line 5788.
Package hyperref Info: Link coloring OFF on input line 5793.
Package hyperref Info: Link coloring with OCG OFF on input line 5798.
Package hyperref Info: PDF/A mode OFF on input line 5803.
LaTeX Info: Redefining \ref on input line 5843.
LaTeX Info: Redefining \pageref on input line 5847.
\Hy@abspage=\count101
\c@Item=\count102
\c@Hfootnote=\count103
)

Package hyperref Message: Driver (autodetected): hpdftex.

("C:\Program Files\MiKTeX 2.9\tex\latex\hyperref\hpdftex.def"
File: hpdftex.def 2012/05/13 v6.82q Hyperref driver for pdfTeX
\Fld@listcount=\count104
\c@bookmark@seq@number=\count105

("C:\Program Files\MiKTeX 2.9\tex\latex\oberdiek\rerunfilecheck.sty"
Package: rerunfilecheck 2011/04/15 v1.7 Rerun checks for auxiliary files (HO)
Package uniquecounter Info: New unique counter `rerunfilecheck' on input line 2
82.
)
\Hy@SectionHShift=\skip43
)
("C:\Program Files\MiKTeX 2.9\tex\latex\ams\math\amsmath.sty"
Package: amsmath 2000/07/18 v2.13 AMS math features
\@mathmargin=\skip44

For additional information on amsmath, use the `?' option.
("C:\Program Files\MiKTeX 2.9\tex\latex\ams\math\amstext.sty"
Package: amstext 2000/06/29 v2.01

("C:\Program Files\MiKTeX 2.9\tex\latex\ams\math\amsgen.sty"
File: amsgen.sty 1999/11/30 v2.0
\@emptytoks=\toks16
\ex@=\dimen112
))
("C:\Program Files\MiKTeX 2.9\tex\latex\ams\math\amsbsy.sty"
Package: amsbsy 1999/11/29 v1.2d
\pmbraise@=\dimen113
)
("C:\Program Files\MiKTeX 2.9\tex\latex\ams\math\amsopn.sty"
Package: amsopn 1999/12/14 v2.01 operator names
)
\inf@bad=\count106
LaTeX Info: Redefining \frac on input line 211.
\uproot@=\count107
\leftroot@=\count108
LaTeX Info: Redefining \overline on input line 307.
\classnum@=\count109
\DOTSCASE@=\count110
LaTeX Info: Redefining \ldots on input line 379.
LaTeX Info: Redefining \dots on input line 382.
LaTeX Info: Redefining \cdots on input line 467.
\Mathstrutbox@=\box28
\strutbox@=\box29
\big@size=\dimen114
LaTeX Font Info:    Redeclaring font encoding OML on input line 567.
LaTeX Font Info:    Redeclaring font encoding OMS on input line 568.
\macc@depth=\count111
\c@MaxMatrixCols=\count112
\dotsspace@=\muskip11
\c@parentequation=\count113
\dspbrk@lvl=\count114
\tag@help=\toks17
\row@=\count115
\column@=\count116
\maxfields@=\count117
\andhelp@=\toks18
\eqnshift@=\dimen115
\alignsep@=\dimen116
\tagshift@=\dimen117
\tagwidth@=\dimen118
\totwidth@=\dimen119
\lineht@=\dimen120
\@envbody=\toks19
\multlinegap=\skip45
\multlinetaggap=\skip46
\mathdisplay@stack=\toks20
LaTeX Info: Redefining \[ on input line 2666.
LaTeX Info: Redefining \] on input line 2667.
)
("C:\Program Files\MiKTeX 2.9\tex\latex\cancel\cancel.sty"
Package: cancel 2013/04/12 v2.2 Cancel math terms
)
("C:\Program Files\MiKTeX 2.9\tex\latex\xcolor\xcolor.sty"
Package: xcolor 2007/01/21 v2.11 LaTeX color extensions (UK)

("C:\Program Files\MiKTeX 2.9\tex\latex\00miktex\color.cfg"
File: color.cfg 2007/01/18 v1.5 color configuration of teTeX/TeXLive
)
Package xcolor Info: Driver file: pdftex.def on input line 225.

("C:\Program Files\MiKTeX 2.9\tex\latex\colortbl\colortbl.sty"
Package: colortbl 2001/02/13 v0.1j Color table columns (DPC)

("C:\Program Files\MiKTeX 2.9\tex\latex\tools\array.sty"
Package: array 2008/09/09 v2.4c Tabular extension package (FMi)
\col@sep=\dimen121
\extrarowheight=\dimen122
\NC@list=\toks21
\extratabsurround=\skip47
\backup@length=\skip48
)
\everycr=\toks22
\minrowclearance=\skip49
)
\rownum=\count118
Package xcolor Info: Model `cmy' substituted by `cmy0' on input line 1337.
Package xcolor Info: Model `hsb' substituted by `rgb' on input line 1341.
Package xcolor Info: Model `RGB' extended on input line 1353.
Package xcolor Info: Model `HTML' substituted by `rgb' on input line 1355.
Package xcolor Info: Model `Hsb' substituted by `hsb' on input line 1356.
Package xcolor Info: Model `tHsb' substituted by `hsb' on input line 1357.
Package xcolor Info: Model `HSB' substituted by `hsb' on input line 1358.
Package xcolor Info: Model `Gray' substituted by `gray' on input line 1359.
Package xcolor Info: Model `wave' substituted by `hsb' on input line 1360.
)
("C:\Program Files\MiKTeX 2.9\tex\latex\comment\comment.sty"
\CommentStream=\write3

Excluding comment 'comment')
("C:\Program Files\MiKTeX 2.9\tex\latex\oberdiek\grffile.sty"
Package: grffile 2012/04/05 v1.16 Extended file name support for graphics (HO)
Package grffile Info: Option `multidot' is set to `true'.
Package grffile Info: Option `extendedchars' is set to `false'.
Package grffile Info: Option `space' is set to `true'.
Package grffile Info: \Gin@ii of package `graphicx' fixed on input line 486.
)
("C:\Program Files\MiKTeX 2.9\tex\latex\csvsimple\csvsimple.sty"
Package: csvsimple 2016/07/01 version 1.20 LaTeX CSV file processing

("C:\Program Files\MiKTeX 2.9\tex\latex\pgf\utilities\pgfkeys.sty"
("C:\Program Files\MiKTeX 2.9\tex\generic\pgf\utilities\pgfkeys.code.tex"
\pgfkeys@pathtoks=\toks23
\pgfkeys@temptoks=\toks24

("C:\Program Files\MiKTeX 2.9\tex\generic\pgf\utilities\pgfkeysfiltered.code.te
x"
\pgfkeys@tmptoks=\toks25
))) ("C:\Program Files\MiKTeX 2.9\tex\latex\base\ifthen.sty"
Package: ifthen 2001/05/26 v1.1c Standard LaTeX ifthen package (DPC)
)
("C:\Program Files\MiKTeX 2.9\tex\latex\etoolbox\etoolbox.sty"
Package: etoolbox 2017/01/02 v2.4 e-TeX tools for LaTeX (JAW)

("C:\Program Files\MiKTeX 2.9\tex\latex\misc\etex.sty"
Package: etex 1998/03/26 v2.0 eTeX basic definition package (PEB)
\et@xins=\count119
)
\etb@tempcnta=\count120
)

! LaTeX Error: File `shellesc.sty' not found.

Type X to quit or <RETURN> to proceed,
or enter new name. (Default extension: sty)

Enter file name: 
\csv@file=\read1
\c@csvinputline=\count121
\c@csvrow=\count122
\c@csvcol=\count123
\csv@out=\write4
) ("C:\Users\GADKARI\Documents\Python Scripts\web_science\a3\Assignment_3.aux")
LaTeX Font Info:    Checking defaults for OML/cmm/m/it on input line 21.
LaTeX Font Info:    ... okay on input line 21.
LaTeX Font Info:    Checking defaults for T1/cmr/m/n on input line 21.
LaTeX Font Info:    ... okay on input line 21.
LaTeX Font Info:    Checking defaults for OT1/cmr/m/n on input line 21.
LaTeX Font Info:    ... okay on input line 21.
LaTeX Font Info:    Checking defaults for OMS/cmsy/m/n on input line 21.
LaTeX Font Info:    ... okay on input line 21.
LaTeX Font Info:    Checking defaults for OMX/cmex/m/n on input line 21.
LaTeX Font Info:    ... okay on input line 21.
LaTeX Font Info:    Checking defaults for U/cmr/m/n on input line 21.
LaTeX Font Info:    ... okay on input line 21.
LaTeX Font Info:    Checking defaults for PD1/pdf/m/n on input line 21.
LaTeX Font Info:    ... okay on input line 21.
("C:\Program Files\MiKTeX 2.9\tex\context\base\supp-pdf.mkii"
[Loading MPS to PDF converter (version 2006.09.02).]
\scratchcounter=\count124
\scratchdimen=\dimen123
\scratchbox=\box30
\nofMPsegments=\count125
\nofMParguments=\count126
\everyMPshowfont=\toks26
\MPscratchCnt=\count127
\MPscratchDim=\dimen124
\MPnumerator=\count128
\makeMPintoPDFobject=\count129
\everyMPtoPDFconversion=\toks27
)
\c@lstlisting=\count130
\AtBeginShipoutBox=\box31
Package hyperref Info: Link coloring OFF on input line 21.
 ("C:\Program Files\MiKTeX 2.9\tex\latex\hyperref\nameref.sty"
Package: nameref 2010/04/30 v2.40 Cross-referencing by name of section

("C:\Program Files\MiKTeX 2.9\tex\generic\oberdiek\gettitlestring.sty"
Package: gettitlestring 2010/12/03 v1.4 Cleanup title references (HO)
)
\c@section@level=\count131
)
LaTeX Info: Redefining \ref on input line 21.
LaTeX Info: Redefining \pageref on input line 21.
LaTeX Info: Redefining \nameref on input line 21.

("C:\Users\GADKARI\Documents\Python Scripts\web_science\a3\Assignment_3.out")
("C:\Users\GADKARI\Documents\Python Scripts\web_science\a3\Assignment_3.out")
\@outlinefile=\write5

[1

{C:/ProgramData/MiKTeX/2.9/pdftex/config/pdftex.map}]
Overfull \hbox (19.41339pt too wide) in paragraph at lines 83--83
[]\OT1/cmtt/m/n/10.95 1.  Download the 1000 URIs from assignment #2.  "curl", "
wget", or[] 
 []


Overfull \hbox (7.91602pt too wide) in paragraph at lines 83--83
[]\OT1/cmtt/m/n/10.95 "lynx" are all good candidate programs to use.  We want j
ust the[] 
 []


Overfull \hbox (2.16733pt too wide) in paragraph at lines 83--83
[]\OT1/cmtt/m/n/10.95 "www.cnn.com" is just an example output file name, keep i
n mind[] 
 []


Overfull \hbox (19.41339pt too wide) in paragraph at lines 83--83
[]\OT1/cmtt/m/n/10.95 that the shell will not like some of the characters that 
can occur[] 
 []


Overfull \hbox (13.6647pt too wide) in paragraph at lines 83--83
[]\OT1/cmtt/m/n/10.95 in URIs (e.g., "?", "&").  You might want to hash the URI
s, like:[] 
 []


Overfull \hbox (13.6647pt too wide) in paragraph at lines 83--83
[]\OT1/cmtt/m/n/10.95 ("md5sum" on some machines; note the "-n" in echo -- this
 removes[] 
 []


Overfull \hbox (94.14633pt too wide) in paragraph at lines 83--83
[]\OT1/cmtt/m/n/10.95 Now use a tool to remove (most) of the HTML markup for al
l 1000 HTML documents.[] 
 []


Overfull \hbox (76.90027pt too wide) in paragraph at lines 83--83
[]\OT1/cmtt/m/n/10.95 (http://ws-dl.blogspot.com/2017/03/2017-03-20-survey-of-5
-boilerplate.html):[] 
 []

LaTeX Font Info:    Try loading font information for OMS+cmr on input line 90.
("C:\Program Files\MiKTeX 2.9\tex\latex\base\omscmr.fd"
File: omscmr.fd 1999/05/25 v2.5h Standard LaTeX font definitions
)
LaTeX Font Info:    Font shape `OMS/cmr/m/n' in size <10.95> not available
(Font)              Font shape `OMS/cmsy/m/n' tried instead on input line 90.
pdfTeX warning (ext4): destination with the same identifier (name{page.1}) has 
been already used, duplicate ignored
<to be read again> 
                   \relax 
l.91     \item i
                mport os [1]
("C:\Users\GADKARI\Documents\Python Scripts\web_science\a3\raw.py"
LaTeX Font Info:    Font shape `OMS/cmr/m/n' in size <9> not available
(Font)              Font shape `OMS/cmsy/m/n' tried instead on input line 15.
) [2]
("C:\Users\GADKARI\Documents\Python Scripts\web_science\a3\processed.py"
LaTeX Font Info:    Try loading font information for OML+cmr on input line 10.

("C:\Program Files\MiKTeX 2.9\tex\latex\base\omlcmr.fd"
File: omlcmr.fd 1999/05/25 v2.5h Standard LaTeX font definitions
)
LaTeX Font Info:    Font shape `OML/cmr/m/n' in size <9> not available
(Font)              Font shape `OML/cmm/m/it' tried instead on input line 10.
) [3]
Overfull \hbox (7.91602pt too wide) in paragraph at lines 165--165
[]\OT1/cmtt/m/n/10.95 2.  Choose a query term (e.g., "shadow") that is not a st
op word[] 
 []


Overfull \hbox (19.41339pt too wide) in paragraph at lines 165--165
[]\OT1/cmtt/m/n/10.95 (see week 5 slides) and not HTML markup from step 1 (e.g.
, "http")[] 
 []


Overfull \hbox (36.65945pt too wide) in paragraph at lines 165--165
[]\OT1/cmtt/m/n/10.95 that matches at least 10 documents (hint: use "grep" on t
he processed[] 
 []


Overfull \hbox (13.6647pt too wide) in paragraph at lines 165--165
[]\OT1/cmtt/m/n/10.95 files).  If the term is present in more than 10 documents
, choose[] 
 []


Overfull \hbox (2.16733pt too wide) in paragraph at lines 165--165
[]\OT1/cmtt/m/n/10.95 any 10 from your list.  (If you do not end up with a list
 of 10[] 
 []


Overfull \hbox (13.6647pt too wide) in paragraph at lines 165--165
[]\OT1/cmtt/m/n/10.95 As per the example in the week 5 slides, compute TFIDF va
lues for[] 
 []


Overfull \hbox (7.91602pt too wide) in paragraph at lines 165--165
[]\OT1/cmtt/m/n/10.95 the term in each of the 10 documents and create a table w
ith the[] 
 []


Overfull \hbox (19.41339pt too wide) in paragraph at lines 165--165
[]\OT1/cmtt/m/n/10.95 TF, IDF, and TFIDF values, as well as the corresponding U
RIs.  The[] 
 []


Overfull \hbox (2.16733pt too wide) in paragraph at lines 165--165
[]\OT1/cmtt/m/n/10.95 You can use Google or Bing for the DF estimation.  To cou
nt the[] 
 []


Overfull \hbox (7.91602pt too wide) in paragraph at lines 165--165
[]\OT1/cmtt/m/n/10.95 number of words in the processed document (i.e., the deon
minator[] 
 []


Overfull \hbox (82.64896pt too wide) in paragraph at lines 165--165
[]\OT1/cmtt/m/n/10.95 https://en.wikipedia.org/wiki/Significant_figures#Roundin
g_and_decimal_places[] 
 []

[4

] ("C:\Users\GADKARI\Documents\Python Scripts\web_science\a3\query.py")

LaTeX Warning: Reference `lst:q2tfidf' on page 5 undefined on input line 187.

[5]
Missing character: There is no â in font cmr10!
Missing character: There is no € in font cmr10!
Missing character: There is no ˜ in font cmr10!
Missing character: There is no â in font cmr10!
Missing character: There is no € in font cmr10!
Missing character: There is no ™ in font cmr10!
 ("C:\Users\GADKARI\Documents\Python Scripts\web_science\a3\counts.py"
[6]) <idfDocsTerm.jpg, id=166, 1371.1225pt x 770.88pt>
File: idfDocsTerm.jpg Graphic file (type jpg)
 <use idfDocsTerm.jpg>
Package pdftex.def Info: idfDocsTerm.jpg used on input line 207.
(pdftex.def)             Requested size: 452.47182pt x 254.39119pt.

Overfull \hbox (92.47182pt too wide) in paragraph at lines 207--208
 [][] 
 []


LaTeX Warning: `h' float specifier changed to `ht'.


Underfull \hbox (badness 10000) in paragraph at lines 218--219
[]|[]$\OT1/cmtt/m/n/10.95 https : / / www . azcentral . com / story /$
 []


Underfull \hbox (badness 10000) in paragraph at lines 218--219
$\OT1/cmtt/m/n/10.95 sports / high -[] school / 2018 / 02 / 08 /$
 []


Underfull \hbox (badness 10000) in paragraph at lines 218--219
$\OT1/cmtt/m/n/10.95 business -[] group -[] trying -[] keep -[] valley -[]$
 []


Underfull \hbox (badness 10000) in paragraph at lines 218--219
$\OT1/cmtt/m/n/10.95 junior -[] college -[] football -[] alive -[]$
 []


Underfull \hbox (badness 10000) in paragraph at lines 218--219
$\OT1/cmtt/m/n/10.95 beyond -[] 2018 / 319131002 / ?hootPostID =$
 []


Underfull \hbox (badness 10000) in paragraph at lines 220--221
[]|[]$\OT1/cmtt/m/n/10.95 http : / / www . fox26houston . com / news /$
 []


Underfull \hbox (badness 10000) in paragraph at lines 220--221
$\OT1/cmtt/m/n/10.95 california -[] lawmakers -[] introduce -[] safe -[]$
 []


Underfull \hbox (badness 10000) in paragraph at lines 220--221
$\OT1/cmtt/m/n/10.95 youth -[] football -[] act -[] by -[] setting -[] minimum 
-[]$
 []


Underfull \hbox (badness 10000) in paragraph at lines 220--221
$\OT1/cmtt/m/n/10.95 age -[] for -[] tackle -[] football ? utm _ source =$
 []


Underfull \hbox (badness 10000) in paragraph at lines 222--223
[]|[]$\OT1/cmtt/m/n/10.95 http : / / abc7 . com / sports / california -[]$
 []


Underfull \hbox (badness 10000) in paragraph at lines 222--223
$\OT1/cmtt/m/n/10.95 bill -[] would -[] ban -[] tackle -[] football -[] before 
-[]$
 []


Underfull \hbox (badness 10000) in paragraph at lines 224--225
[]|[]$\OT1/cmtt/m/n/10.95 http : / / www . chicagotribune . com / suburbs /$
 []


Underfull \hbox (badness 10000) in paragraph at lines 224--225
$\OT1/cmtt/m/n/10.95 daily -[] southtown / sports / ct -[] sta -[] pat -[]$
 []


Underfull \hbox (badness 10000) in paragraph at lines 224--225
$\OT1/cmtt/m/n/10.95 disabato -[] column -[] st -[] 0211 -[] 20180209 -[]$
 []


Underfull \hbox (badness 10000) in paragraph at lines 226--227
[]|[]$\OT1/cmtt/m/n/10.95 http : / / www . latimes . com / politics /$
 []


Underfull \hbox (badness 10000) in paragraph at lines 226--227
$\OT1/cmtt/m/n/10.95 essential / la -[] pol -[] ca -[] essential -[]$
 []


Underfull \hbox (badness 10000) in paragraph at lines 226--227
$\OT1/cmtt/m/n/10.95 politics -[] updates -[] california -[] would -[]$
 []


Underfull \hbox (badness 10000) in paragraph at lines 226--227
$\OT1/cmtt/m/n/10.95 bar -[] organized -[] tackle -[] 1518130990 -[]$
 []


Underfull \hbox (badness 10000) in paragraph at lines 228--229
[]|[]$\OT1/cmtt/m/n/10.95 http : / / www . telegram . com / news / 20180209 /$
 []


Underfull \hbox (badness 10000) in paragraph at lines 228--229
$\OT1/cmtt/m/n/10.95 five -[] st -[] johns -[] football -[] players -[] among -
[]$
 []


Underfull \hbox (badness 10000) in paragraph at lines 228--229
$\OT1/cmtt/m/n/10.95 crop -[] of -[] area -[] athletes -[] finalizing -[]$
 []


Underfull \hbox (badness 10000) in paragraph at lines 230--231
[]|[]$\OT1/cmtt/m/n/10.95 http : / / lompocrecord . com / sports / high -[]$
 []


Underfull \hbox (badness 10000) in paragraph at lines 230--231
$\OT1/cmtt/m/n/10.95 school / football / another -[] taua -[] to -[] head -[]$
 []


Underfull \hbox (badness 10000) in paragraph at lines 230--231
$\OT1/cmtt/m/n/10.95 to -[] reno -[]-[]-[] this -[] time / article _ a7473c8e -
[]$
 []


Underfull \hbox (badness 10000) in paragraph at lines 232--233
[]|[]$\OT1/cmtt/m/n/10.95 http : / / www . dailymail . co . uk / sport /$
 []


Underfull \hbox (badness 10000) in paragraph at lines 232--233
$\OT1/cmtt/m/n/10.95 football / article -[] 5374081 / Man -[] United -[]$
 []


Underfull \hbox (badness 10000) in paragraph at lines 232--233
$\OT1/cmtt/m/n/10.95 star -[] Mata -[] fears -[] football -[] losing -[]$
 []


Underfull \hbox (badness 10000) in paragraph at lines 232--233
$\OT1/cmtt/m/n/10.95 soul . html ? ITO = 1490&ns _ mchannel = rss&ns _$
 []


Underfull \hbox (badness 10000) in paragraph at lines 234--235
[]|[]$\OT1/cmtt/m/n/10.95 http : / / www . bbc . co . uk / sport / football /$
 []


Overfull \hbox (0.85448pt too wide) in paragraph at lines 214--239
[][] 
 []


LaTeX Warning: Float too large for page by 39.60393pt on input line 241.

[7] [8] [9 <C:/Users/GADKARI/Documents/Python Scripts/web_science/a3/idfDocsTer
m.jpg>]
Overfull \hbox (13.6647pt too wide) in paragraph at lines 286--286
[]\OT1/cmtt/m/n/10.95 by their PageRank.  Use any of the free PR estimaters on 
the web,[] 
 []


Overfull \hbox (2.16733pt too wide) in paragraph at lines 286--286
[]\OT1/cmtt/m/n/10.95 If you use these tools, you'll have to do so by hand (the
y have[] 
 []


Overfull \hbox (2.16733pt too wide) in paragraph at lines 286--286
[]\OT1/cmtt/m/n/10.95 anti-bot captchas), but there are only 10 to do.  Normali
ze the[] 
 []


Overfull \hbox (25.16208pt too wide) in paragraph at lines 286--286
[]\OT1/cmtt/m/n/10.95 values they give you to be from 0 to 1.0.  Use the same t
ool on all[] 
 []


Overfull \hbox (7.91602pt too wide) in paragraph at lines 286--286
[]\OT1/cmtt/m/n/10.95 note that these tools typically report on the domain rath
er than[] 
 []


Overfull \hbox (13.6647pt too wide) in paragraph at lines 286--286
[]\OT1/cmtt/m/n/10.95 Briefly compare and contrast the rankings produced in que
stions 2[] 
 []

[10

]
Underfull \hbox (badness 10000) in paragraph at lines 301--302
[]|[]$\OT1/cmtt/m/n/10.95 http : / / www . latimes . com / politics /$
 []


Underfull \hbox (badness 10000) in paragraph at lines 301--302
$\OT1/cmtt/m/n/10.95 essential / la -[] pol -[] ca -[] essential -[] politics -
[]$
 []


Underfull \hbox (badness 10000) in paragraph at lines 301--302
$\OT1/cmtt/m/n/10.95 updates -[] california -[] would -[] bar -[] organized -[]
$
 []


Underfull \hbox (badness 10000) in paragraph at lines 303--304
[]|[]$\OT1/cmtt/m/n/10.95 http : / / www . dailymail . co . uk / sport /$
 []


Underfull \hbox (badness 10000) in paragraph at lines 303--304
$\OT1/cmtt/m/n/10.95 football / article -[] 5374081 / Man -[] United -[]$
 []


Underfull \hbox (badness 10000) in paragraph at lines 303--304
$\OT1/cmtt/m/n/10.95 star -[] Mata -[] fears -[] football -[] losing -[]$
 []


Underfull \hbox (badness 10000) in paragraph at lines 303--304
$\OT1/cmtt/m/n/10.95 soul . html ? ITO = 1490&ns _ mchannel = rss&ns _$
 []


Underfull \hbox (badness 10000) in paragraph at lines 305--306
[]|[]$\OT1/cmtt/m/n/10.95 http : / / www . bbc . co . uk / sport / football /$
 []


Underfull \hbox (badness 10000) in paragraph at lines 307--308
[]|[]$\OT1/cmtt/m/n/10.95 https : / / www . azcentral . com / story /$
 []


Underfull \hbox (badness 10000) in paragraph at lines 307--308
$\OT1/cmtt/m/n/10.95 sports / high -[] school / 2018 / 02 / 08 /$
 []


Underfull \hbox (badness 10000) in paragraph at lines 307--308
$\OT1/cmtt/m/n/10.95 business -[] group -[] trying -[] keep -[] valley -[]$
 []


Underfull \hbox (badness 10000) in paragraph at lines 307--308
$\OT1/cmtt/m/n/10.95 junior -[] college -[] football -[] alive -[]$
 []


Underfull \hbox (badness 10000) in paragraph at lines 307--308
$\OT1/cmtt/m/n/10.95 beyond -[] 2018 / 319131002 / ?hootPostID =$
 []


Underfull \hbox (badness 10000) in paragraph at lines 309--310
[]|[]$\OT1/cmtt/m/n/10.95 http : / / www . chicagotribune . com / suburbs /$
 []


Underfull \hbox (badness 10000) in paragraph at lines 309--310
$\OT1/cmtt/m/n/10.95 daily -[] southtown / sports / ct -[] sta -[] pat -[]$
 []


Underfull \hbox (badness 10000) in paragraph at lines 309--310
$\OT1/cmtt/m/n/10.95 disabato -[] column -[] st -[] 0211 -[] 20180209 -[]$
 []


Underfull \hbox (badness 10000) in paragraph at lines 311--312
[]|[]$\OT1/cmtt/m/n/10.95 http : / / abc7 . com / sports / california -[] bill 
-[]$
 []


Underfull \hbox (badness 10000) in paragraph at lines 311--312
$\OT1/cmtt/m/n/10.95 would -[] ban -[] tackle -[] football -[] before -[] high 
-[]$
 []


Underfull \hbox (badness 10000) in paragraph at lines 313--314
[]|[]$\OT1/cmtt/m/n/10.95 http : / / www . telegram . com / news / 20180209 /$
 []


Underfull \hbox (badness 10000) in paragraph at lines 313--314
$\OT1/cmtt/m/n/10.95 five -[] st -[] johns -[] football -[] players -[] among -
[]$
 []


Underfull \hbox (badness 10000) in paragraph at lines 313--314
$\OT1/cmtt/m/n/10.95 crop -[] of -[] area -[] athletes -[] finalizing -[]$
 []


Underfull \hbox (badness 10000) in paragraph at lines 315--316
[]|[]$\OT1/cmtt/m/n/10.95 http : / / www . fox26houston . com / news /$
 []


Underfull \hbox (badness 10000) in paragraph at lines 315--316
$\OT1/cmtt/m/n/10.95 california -[] lawmakers -[] introduce -[] safe -[]$
 []


Underfull \hbox (badness 10000) in paragraph at lines 315--316
$\OT1/cmtt/m/n/10.95 youth -[] football -[] act -[] by -[] setting -[] minimum 
-[]$
 []


Underfull \hbox (badness 10000) in paragraph at lines 315--316
$\OT1/cmtt/m/n/10.95 age -[] for -[] tackle -[] football ? utm _ source = dlvr 
.$
 []


Underfull \hbox (badness 10000) in paragraph at lines 317--318
[]|[]$\OT1/cmtt/m/n/10.95 http : / / lompocrecord . com / sports / high -[]$
 []


Underfull \hbox (badness 10000) in paragraph at lines 317--318
$\OT1/cmtt/m/n/10.95 school / football / another -[] taua -[] to -[] head -[] t
o -[]$
 []


Underfull \hbox (badness 10000) in paragraph at lines 317--318
$\OT1/cmtt/m/n/10.95 reno -[]-[]-[] this -[] time / article _ a7473c8e -[] 13a8
 -[]$
 []


Overfull \hbox (9.804pt too wide) in paragraph at lines 297--322
[][] 
 []


LaTeX Warning: Float too large for page by 14.53308pt on input line 324.

[11

] [12]
Overfull \hbox (25.16208pt too wide) in paragraph at lines 347--347
[]\OT1/cmtt/m/n/10.95 4.  Compute the Kendall Tau_b score for both lists (use "
b" because[] 
 []


Overfull \hbox (19.41339pt too wide) in paragraph at lines 347--347
[]\OT1/cmtt/m/n/10.95 there will likely be tie values in the rankings).  Report
 both the[] 
 []


Overfull \hbox (71.15158pt too wide) in paragraph at lines 347--347
[]\OT1/cmtt/m/n/10.95 http://en.wikipedia.org/wiki/Kendall_tau_rank_correlation
_coefficient#Tau-b[] 
 []

[13

]
Missing character: There is no â in font cmr10!
Missing character: There is no € in font cmr10!
Missing character: There is no ™ in font cmr10!
 ("C:\Users\GADKARI\Documents\Python Scripts\web_science\a3\kendall.r")
[14

]
Overfull \hbox (36.65945pt too wide) in paragraph at lines 385--385
[]\OT1/cmtt/m/n/10.95 5.  Compute a ranking for the 10 URIs from Q2 using Alexa
 information[] 
 []


Overfull \hbox (13.6647pt too wide) in paragraph at lines 385--385
[]\OT1/cmtt/m/n/10.95 (see week 4 slides).  Compute the correlation (as per Q4)
 for all[] 
 []

[15

]
Underfull \hbox (badness 10000) in paragraph at lines 397--398
[]|[]$\OT1/cmtt/m/n/10.95 http : / / www . bbc . co . uk / sport / football /$
 []


Underfull \hbox (badness 10000) in paragraph at lines 399--400
[]|[]$\OT1/cmtt/m/n/10.95 http : / / www . dailymail . co . uk / sport /$
 []


Underfull \hbox (badness 10000) in paragraph at lines 399--400
$\OT1/cmtt/m/n/10.95 football / article -[] 5374081 / Man -[] United -[]$
 []


Underfull \hbox (badness 10000) in paragraph at lines 399--400
$\OT1/cmtt/m/n/10.95 star -[] Mata -[] fears -[] football -[] losing -[]$
 []


Underfull \hbox (badness 10000) in paragraph at lines 399--400
$\OT1/cmtt/m/n/10.95 soul . html ? ITO = 1490&ns _ mchannel = rss&ns _$
 []


Underfull \hbox (badness 10000) in paragraph at lines 401--402
[]|[]$\OT1/cmtt/m/n/10.95 http : / / www . latimes . com / politics /$
 []


Underfull \hbox (badness 10000) in paragraph at lines 401--402
$\OT1/cmtt/m/n/10.95 essential / la -[] pol -[] ca -[] essential -[] politics -
[]$
 []


Underfull \hbox (badness 10000) in paragraph at lines 401--402
$\OT1/cmtt/m/n/10.95 updates -[] california -[] would -[] bar -[] organized -[]
$
 []


Underfull \hbox (badness 10000) in paragraph at lines 403--404
[]|[]$\OT1/cmtt/m/n/10.95 https : / / www . azcentral . com / story /$
 []


Underfull \hbox (badness 10000) in paragraph at lines 403--404
$\OT1/cmtt/m/n/10.95 sports / high -[] school / 2018 / 02 / 08 /$
 []


Underfull \hbox (badness 10000) in paragraph at lines 403--404
$\OT1/cmtt/m/n/10.95 business -[] group -[] trying -[] keep -[] valley -[]$
 []


Underfull \hbox (badness 10000) in paragraph at lines 403--404
$\OT1/cmtt/m/n/10.95 junior -[] college -[] football -[] alive -[]$
 []


Underfull \hbox (badness 10000) in paragraph at lines 403--404
$\OT1/cmtt/m/n/10.95 beyond -[] 2018 / 319131002 / ?hootPostID =$
 []


Underfull \hbox (badness 10000) in paragraph at lines 405--406
[]|[]$\OT1/cmtt/m/n/10.95 http : / / www . chicagotribune . com / suburbs /$
 []


Underfull \hbox (badness 10000) in paragraph at lines 405--406
$\OT1/cmtt/m/n/10.95 daily -[] southtown / sports / ct -[] sta -[] pat -[]$
 []


Underfull \hbox (badness 10000) in paragraph at lines 405--406
$\OT1/cmtt/m/n/10.95 disabato -[] column -[] st -[] 0211 -[] 20180209 -[]$
 []


Underfull \hbox (badness 10000) in paragraph at lines 407--408
[]|[]$\OT1/cmtt/m/n/10.95 http : / / abc7 . com / sports / california -[] bill 
-[]$
 []


Underfull \hbox (badness 10000) in paragraph at lines 407--408
$\OT1/cmtt/m/n/10.95 would -[] ban -[] tackle -[] football -[] before -[] high 
-[]$
 []


Underfull \hbox (badness 10000) in paragraph at lines 409--410
[]|[]$\OT1/cmtt/m/n/10.95 http : / / www . telegram . com / news / 20180209 /$
 []


Underfull \hbox (badness 10000) in paragraph at lines 409--410
$\OT1/cmtt/m/n/10.95 five -[] st -[] johns -[] football -[] players -[] among -
[]$
 []


Underfull \hbox (badness 10000) in paragraph at lines 409--410
$\OT1/cmtt/m/n/10.95 crop -[] of -[] area -[] athletes -[] finalizing -[]$
 []


Underfull \hbox (badness 10000) in paragraph at lines 411--412
[]|[]$\OT1/cmtt/m/n/10.95 http : / / www . fox26houston . com / news /$
 []


Underfull \hbox (badness 10000) in paragraph at lines 411--412
$\OT1/cmtt/m/n/10.95 california -[] lawmakers -[] introduce -[] safe -[]$
 []


Underfull \hbox (badness 10000) in paragraph at lines 411--412
$\OT1/cmtt/m/n/10.95 youth -[] football -[] act -[] by -[] setting -[] minimum 
-[]$
 []


Underfull \hbox (badness 10000) in paragraph at lines 411--412
$\OT1/cmtt/m/n/10.95 age -[] for -[] tackle -[] football ? utm _ source = dlvr 
.$
 []


Underfull \hbox (badness 10000) in paragraph at lines 413--414
[]|[]$\OT1/cmtt/m/n/10.95 http : / / lompocrecord . com / sports / high -[]$
 []


Underfull \hbox (badness 10000) in paragraph at lines 413--414
$\OT1/cmtt/m/n/10.95 school / football / another -[] taua -[] to -[] head -[] t
o -[]$
 []


Underfull \hbox (badness 10000) in paragraph at lines 413--414
$\OT1/cmtt/m/n/10.95 reno -[]-[]-[] this -[] time / article _ a7473c8e -[] 13a8
 -[]$
 []


LaTeX Warning: Float too large for page by 12.40392pt on input line 420.

("C:\Users\GADKARI\Documents\Python Scripts\web_science\a3\alex.r") [16

]
[17] [18

] <bacon.png, id=403, 1371.1225pt x 770.88pt>
File: bacon.png Graphic file (type png)
 <use bacon.png>
Package pdftex.def Info: bacon.png used on input line 477.
(pdftex.def)             Requested size: 411.33992pt x 231.26578pt.

Overfull \hbox (51.33992pt too wide) in paragraph at lines 477--478
 [][] 
 []

<erdos.png, id=409, 1371.1225pt x 770.88pt>
File: erdos.png Graphic file (type png)
 <use erdos.png>
Package pdftex.def Info: erdos.png used on input line 489.
(pdftex.def)             Requested size: 411.33992pt x 231.26578pt.

Overfull \hbox (51.33992pt too wide) in paragraph at lines 489--490
 [][] 
 []


LaTeX Warning: `h' float specifier changed to `ht'.

<1graph.png, id=411, 1371.1225pt x 770.88pt>
File: 1graph.png Graphic file (type png)
 <use 1graph.png>
Package pdftex.def Info: 1graph.png used on input line 499.
(pdftex.def)             Requested size: 891.21907pt x 501.06607pt.

Overfull \hbox (531.21907pt too wide) in paragraph at lines 499--500
 [][] 
 []


LaTeX Warning: `h' float specifier changed to `ht'.

<2graph.png, id=412, 274.02374pt x 487.8225pt>
File: 2graph.png Graphic file (type png)
 <use 2graph.png>
Package pdftex.def Info: 2graph.png used on input line 507.
(pdftex.def)             Requested size: 178.11331pt x 317.08086pt.


LaTeX Warning: `h' float specifier changed to `ht'.

[19

 <C:/Users/GADKARI/Documents/Python Scripts/web_science/a3/bacon.png>]
[20 <C:/Users/GADKARI/Documents/Python Scripts/web_science/a3/erdos.png>]
[21 <C:/Users/GADKARI/Documents/Python Scripts/web_science/a3/1graph.png>]
[22 <C:/Users/GADKARI/Documents/Python Scripts/web_science/a3/2graph.png>]
Overfull \hbox (19.41339pt too wide) in paragraph at lines 531--531
[]\OT1/cmtt/m/n/10.95 7.  Build a simple (i.e., no positional information) inve
rted file[] 
 []


Overfull \hbox (30.91077pt too wide) in paragraph at lines 531--531
[]\OT1/cmtt/m/n/10.95 (in ASCII) for all the words from your 1000 URIs.  Upload
 the entire[] 
 []


Overfull \hbox (7.91602pt too wide) in paragraph at lines 531--531
[]\OT1/cmtt/m/n/10.95 file to github and discuss an interesting portion of the 
file in[] 
 []

[23

] ("C:\Users\GADKARI\Documents\Python Scripts\web_science\a3\read.py"
[24

])
Overfull \hbox (3.19073pt too wide) in paragraph at lines 548--549
[]\OT1/cmr/m/n/10.95 The pro-gram first reads the html doc-u-ments one by one f
rom the raw[]html
 []


Overfull \hbox (12.69588pt too wide) in paragraph at lines 548--549
\OT1/cmr/m/n/10.95 folder which we got from ques-tion 1 and reads the con-tents
 into jus-text.justext()
 []

<Index.png, id=490, 1371.1225pt x 770.88pt>
File: Index.png Graphic file (type png)
 <use Index.png>
Package pdftex.def Info: Index.png used on input line 553.
(pdftex.def)             Requested size: 411.33992pt x 231.26578pt.

Overfull \hbox (51.33992pt too wide) in paragraph at lines 553--554
 [][] 
 []


LaTeX Warning: `h' float specifier changed to `ht'.

[25] [26 <C:/Users/GADKARI/Documents/Python Scripts/web_science/a3/Index.png>]
Underfull \hbox (badness 1721) in paragraph at lines 568--569
\OT1/cmr/m/n/10.95 ror. N.p.,n.d. Web. Febru-ary 20, 2018. []$\OT1/cmtt/m/n/10.
95 https : / / stackoverflow .$
 []


Underfull \hbox (badness 10000) in paragraph at lines 568--569
$\OT1/cmtt/m/n/10.95 com / questions / 23917729 / switching -[] to -[] python -
[] 3 -[] causing -[]$
 []


Underfull \hbox (badness 1418) in paragraph at lines 570--571
[]\OT1/cmr/m/n/10.95 ``Kendall rank cor-re-la-tion co-ef-fi-cient.'' Wikipedia 
- Kendall Rank
 []


Underfull \hbox (badness 1831) in paragraph at lines 570--571
\OT1/cmr/m/n/10.95 Cor-re-la-tion co-ef-fi-cient. Wikipedia, n.d. Web. Febru-ar
y 20, 2018.
 []


Underfull \hbox (badness 10000) in paragraph at lines 570--571
[]$\OT1/cmtt/m/n/10.95 https : / / en . wikipedia . org / wiki / Kendall _ rank
 _ correlation _$
 []


Underfull \hbox (badness 3009) in paragraph at lines 582--583
\OT1/cmr/m/n/10.95 Python'' Pro-gram-ming His-to-rian. N.p., n.d. Web. Febru-ar
y 20,
 []


Underfull \hbox (badness 10000) in paragraph at lines 582--583
\OT1/cmr/m/n/10.95 2018.[]$\OT1/cmtt/m/n/10.95 https : / / programminghistorian
 . org / lessons / counting -[]$
 []

Package atveryend Info: Empty hook `BeforeClearDocument' on input line 587.
[27

]
Package atveryend Info: Empty hook `AfterLastShipout' on input line 587.
 ("C:\Users\GADKARI\Documents\Python Scripts\web_science\a3\Assignment_3.aux")
Package atveryend Info: Executing hook `AtVeryEndDocument' on input line 587.
Package atveryend Info: Executing hook `AtEndAfterFileList' on input line 587.
Package rerunfilecheck Info: File `Assignment_3.out' has not changed.
(rerunfilecheck)             Checksum: D41D8CD98F00B204E9800998ECF8427E;0.


LaTeX Warning: There were undefined references.

Package atveryend Info: Empty hook `AtVeryVeryEnd' on input line 587.
 ) 
Here is how much of TeX's memory you used:
 8923 strings out of 493921
 138466 string characters out of 3147276
 410883 words of memory out of 3000000
 11855 multiletter control sequences out of 15000+200000
 10748 words of font info for 39 fonts, out of 3000000 for 9000
 841 hyphenation exceptions out of 8191
 41i,13n,46p,951b,1712s stack positions out of 5000i,500n,10000p,200000b,50000s
<C:/Program Files/MiKTeX 2.9/fonts/type1/public/amsfonts/cm/cmbx10.pfb><C:/Pr
ogram Files/MiKTeX 2.9/fonts/type1/public/amsfonts/cm/cmbx12.pfb><C:/Program Fi
les/MiKTeX 2.9/fonts/type1/public/amsfonts/cm/cmex10.pfb><C:/Program Files/MiKT
eX 2.9/fonts/type1/public/amsfonts/cm/cmmi10.pfb><C:/Program Files/MiKTeX 2.9/f
onts/type1/public/amsfonts/cm/cmmi9.pfb><C:/Program Files/MiKTeX 2.9/fonts/type
1/public/amsfonts/cm/cmr10.pfb><C:/Program Files/MiKTeX 2.9/fonts/type1/public/
amsfonts/cm/cmr12.pfb><C:/Program Files/MiKTeX 2.9/fonts/type1/public/amsfonts/
cm/cmr17.pfb><C:/Program Files/MiKTeX 2.9/fonts/type1/public/amsfonts/cm/cmr8.p
fb><C:/Program Files/MiKTeX 2.9/fonts/type1/public/amsfonts/cm/cmr9.pfb><C:/Pro
gram Files/MiKTeX 2.9/fonts/type1/public/amsfonts/cm/cmsy10.pfb><C:/Program Fil
es/MiKTeX 2.9/fonts/type1/public/amsfonts/cm/cmsy9.pfb><C:/Program Files/MiKTeX
 2.9/fonts/type1/public/amsfonts/cm/cmti10.pfb><C:/Program Files/MiKTeX 2.9/fon
ts/type1/public/amsfonts/cm/cmtt10.pfb>
Output written on Assignment_3.pdf (28 pages, 1995049 bytes).
PDF statistics:
 635 PDF objects out of 1000 (max. 8388607)
 243 named destinations out of 1000 (max. 500000)
 31 words of extra memory for PDF output out of 10000 (max. 10000000)

